<?xml version="1.0" encoding="UTF-8"?>
<testsuite name="com.ubs.opsit.interviews.TimeConverterTest" tests="4" skipped="0" failures="0" errors="0" timestamp="2017-09-10T14:37:48" hostname="DESKTOP-A16IG0V" time="0.0">
  <properties/>
  <testcase name="testMidnight" classname="com.ubs.opsit.interviews.TimeConverterTest" time="0.0"/>
  <testcase name="testBeforeMidnight" classname="com.ubs.opsit.interviews.TimeConverterTest" time="0.0"/>
  <testcase name="testMiddleOfMidnight" classname="com.ubs.opsit.interviews.TimeConverterTest" time="0.0"/>
  <testcase name="testMidnightWhenAllLampsAreOff" classname="com.ubs.opsit.interviews.TimeConverterTest" time="0.0"/>
  <system-out><![CDATA[]]></system-out>
  <system-err><![CDATA[]]></system-err>
</testsuite>
